<?xml version="1.0" encoding="UTF-8"?>
<testsuite xmlns:xsi="http://www.w3.org/2001/XMLSchema-instance" xsi:noNamespaceSchemaLocation="https://maven.apache.org/surefire/maven-surefire-plugin/xsd/surefire-test-report-3.0.xsd" version="3.0" name="TestSuite" time="0.419" tests="5" errors="0" skipped="0" failures="5">
  <properties>
[...]
</properties>
  <testcase name="runScenario[&quot;User should be able to login with valid email and password&quot;, &quot;Login Feature&quot;](1)" classname="TestRunner" time="0.033">
    <failure message="Cannot invoke &quot;String.equalsIgnoreCase(String)&quot; because &quot;driverType&quot; is null" type="java.lang.NullPointerException"><![CDATA[java.lang.NullPointerException: Cannot invoke "String.equalsIgnoreCase(String)" because "driverType" is null
	at base.Config.setupBrowser(Config.java:15)
	at stepDef.Hook.beforeEachTest(Hook.java:19)
]]></failure>
    <system-err><![CDATA[SLF4J: Failed to load class "org.slf4j.impl.StaticLoggerBinder".
SLF4J: Defaulting to no-operation (NOP) logger implementation
SLF4J: See http://www.slf4j.org/codes.html#StaticLoggerBinder for further details.
]]></system-err>
  </testcase>
  <testcase name="runScenario[&quot;Existing user should be able to login&quot;, &quot;Login Feature&quot;](2)" classname="TestRunner" time="0.002">
    <failure message="Cannot invoke &quot;String.equalsIgnoreCase(String)&quot; because &quot;driverType&quot; is null" type="java.lang.NullPointerException"><![CDATA[java.lang.NullPointerException: Cannot invoke "String.equalsIgnoreCase(String)" because "driverType" is null
	at base.Config.setupBrowser(Config.java:15)
	at stepDef.Hook.beforeEachTest(Hook.java:19)
]]></failure>
  </testcase>
  <testcase name="runScenario[&quot;User should not be able to login with valid email and invalid password&quot;, &quot;Login Feature&quot;](3)" classname="TestRunner" time="0.002">
    <failure message="Cannot invoke &quot;String.equalsIgnoreCase(String)&quot; because &quot;driverType&quot; is null" type="java.lang.NullPointerException"><![CDATA[java.lang.NullPointerException: Cannot invoke "String.equalsIgnoreCase(String)" because "driverType" is null
	at base.Config.setupBrowser(Config.java:15)
	at stepDef.Hook.beforeEachTest(Hook.java:19)
]]></failure>
  </testcase>
  <testcase name="runScenario[&quot;User should not be able to login with invalid email and valid password&quot;, &quot;Login Feature&quot;](4)" classname="TestRunner" time="0.002">
    <failure message="Cannot invoke &quot;String.equalsIgnoreCase(String)&quot; because &quot;driverType&quot; is null" type="java.lang.NullPointerException"><![CDATA[java.lang.NullPointerException: Cannot invoke "String.equalsIgnoreCase(String)" because "driverType" is null
	at base.Config.setupBrowser(Config.java:15)
	at stepDef.Hook.beforeEachTest(Hook.java:19)
]]></failure>
  </testcase>
  <testcase name="runScenario[&quot;User should not be able to login with invalid email and password&quot;, &quot;Login Feature&quot;](5)" classname="TestRunner" time="0.002">
    <failure message="Cannot invoke &quot;String.equalsIgnoreCase(String)&quot; because &quot;driverType&quot; is null" type="java.lang.NullPointerException"><![CDATA[java.lang.NullPointerException: Cannot invoke "String.equalsIgnoreCase(String)" because "driverType" is null
	at base.Config.setupBrowser(Config.java:15)
	at stepDef.Hook.beforeEachTest(Hook.java:19)
]]></failure>
  </testcase>
</testsuite>